Arguments: 
  C:\Program Files\nodejs\node.exe C:\Program Files (x86)\Yarn\bin\yarn.js init

PATH: 
  C:\Program Files\Common Files\Oracle\Java\javapath;C:\Program Files (x86)\Common Files\Oracle\Java\javapath;C:\Program Files (x86)\Razer Chroma SDK\bin;C:\Program Files\Razer Chroma SDK\bin;C:\Program Files (x86)\Razer\ChromaBroadcast\bin;C:\Program Files\Razer\ChromaBroadcast\bin;C:\WINDOWS\system32;C:\WINDOWS;C:\WINDOWS\System32\Wbem;C:\WINDOWS\System32\WindowsPowerShell\v1.0\;C:\WINDOWS\System32\OpenSSH\;C:\Program Files\NVIDIA Corporation\NVIDIA NvDLISR;C:\Program Files (x86)\NVIDIA Corporation\PhysX\Common;C:\WINDOWS\system32\config\systemprofile\AppData\Local\Microsoft\WindowsApps;C:\Program Files\Git\cmd;C:\Users\ygorr\AppData\Roaming\nvm;C:\Program Files\nodejs;C:\WINDOWS;C:\WINDOWS\System32;C:\WINDOWS\System32\Wbem;C:\Program Files (x86)\Yarn\bin;C:\Program Files\nodejs\;C:\Users\ygorr\AppData\Local\Programs\Python\Python311\Scripts\;C:\Users\ygorr\AppData\Local\Programs\Python\Python311\;C:\Users\ygorr\AppData\Local\Microsoft\WindowsApps;C:\Users\ygorr\AppData\Local\Programs\Microsoft VS Code\bin;C:\Users\ygorr\AppData\Roaming\nvm;C:\Program Files\nodejs;C:\Users\ygorr\AppData\Local\Yarn\bin;C:\Program Files\PostgreSQL\16\bin;C:\Program Files\heroku\bin;C:\Program Files\Java\jdk-17\bin;C:\apache-maven-3.9.5\bin;C:\Users\ygorr\AppData\Roaming\npm;C:\Users\ygorr\AppData\Roaming\npm;

Yarn version: 
  1.3.2

Node version: 
  21.0.0

Platform: 
  win32 x64

npm manifest: 
  {
      "name": "projeto-escolas",
      "version": "1.0.0",
      "main": "index.ts",
      "license": "MIT",
      "scripts": {
        "dev": "ts-node-dev --ignore-watch node_modules src/server.ts",
        "typeorm": "typeorm-ts-node-commonjs",
        "build": "tsc",
        "start": "node dist/server.js"
      },
      "dependencies": {
      }
    }

yarn manifest: 
  No manifest

Lockfile: 
  No lockfile

Trace: 
  Error: canceled
      at Interface.<anonymous> (C:\Program Files (x86)\Yarn\lib\cli.js:121045:13)
      at Interface.emit (node:events:515:28)
      at [_ttyWrite] [as _ttyWrite] (node:internal/readline/interface:1125:18)
      at ReadStream.onkeypress (node:internal/readline/interface:264:20)
      at ReadStream.emit (node:events:515:28)
      at emitKeys (node:internal/readline/utils:371:14)
      at emitKeys.next (<anonymous>)
      at ReadStream.onData (node:internal/readline/emitKeypressEvents:64:36)
      at ReadStream.emit (node:events:515:28)
      at addChunk (node:internal/streams/readable:377:12)
